<component name="libraryTable">
  <library name="junit-4.12">
    <CLASSES>
      <root url="jar://$PROJECT_DIR$/../../../../Aprogram/Language/Java/SDK/junit4/junit-4.12.jar!/" />
      <root url="jar://$PROJECT_DIR$/../../../../Aprogram/Language/Java/SDK/junit4/hamcrest-core-1.3.jar!/" />
    </CLASSES>
    <JAVADOC />
    <SOURCES />
  </library>
</component>